Building DAG of jobs...
Using shell: /shared/software/jupyterhub/bin/bash
Provided cores: 2
Rules claiming more threads will be scaled down.
Select jobs to execute...

[Tue Jul  5 17:51:21 2022]
rule get_pvalues:
    input: ../analyses/scaled_bedgraph/IGF2BP1_rep2.scaled.bedgraph, ../analyses/scaled_bedgraph/INPUT.scaled.bedgraph, ../analyses/scaled_bedgraph/HALO_minusINPUT.scaled.bedgraph
    output: ../analyses/subtracted_input_pvalues/IGF2BP1_rep2_minusINPUT_pvalues.bdg
    jobid: 0
    wildcards: name_wo_halo_input=IGF2BP1_rep2
    threads: 2
    resources: mem_mb=5000, disk_mb=1000, tmpdir=/tmp, cpus=2, time_min=30

INFO  @ Tue, 05 Jul 2022 17:51:21: Read and build treatment bedGraph... 
INFO  @ Tue, 05 Jul 2022 17:51:21: Read and build control bedGraph... 
INFO  @ Tue, 05 Jul 2022 17:51:21: Build scoreTrackII... 
INFO  @ Tue, 05 Jul 2022 17:51:21: Calculate scores comparing treatment and control by 'subtract'... 
INFO  @ Tue, 05 Jul 2022 17:51:21: Write bedGraph of scores... 
INFO  @ Tue, 05 Jul 2022 17:51:21: Finished 'subtract'! Please check '../analyses/subtracted_input_pvalues/IGF2BP1_rep2.bdg.tmp_minus_IGF2BP1_rep2_input.bdg.tmp.bdg.tmp'! 
INFO  @ Tue, 05 Jul 2022 17:51:22: Read and build treatment bedGraph... 
INFO  @ Tue, 05 Jul 2022 17:51:22: Read and build control bedGraph... 
INFO  @ Tue, 05 Jul 2022 17:51:22: Build scoreTrackII... 
INFO  @ Tue, 05 Jul 2022 17:51:22: Calculate scores comparing treatment and control by 'ppois'... 
INFO  @ Tue, 05 Jul 2022 17:51:22: Write bedGraph of scores... 
INFO  @ Tue, 05 Jul 2022 17:51:22: Finished 'ppois'! Please check '../analyses/subtracted_input_pvalues/IGF2BP1_rep2_minusINPUT.bdg.tmp_minus_HALO_minusINPUT.scaled.bedgraph.bdg.tmp'! 
[Tue Jul  5 17:51:22 2022]
Finished job 0.
1 of 1 steps (100%) done
