Building DAG of jobs...
Using shell: /shared/software/jupyterhub/bin/bash
Provided cores: 12
Rules claiming more threads will be scaled down.
Select jobs to execute...

[Tue Jul  5 17:48:31 2022]
rule remove_rRNA_tRNA:
    input: ../data/fastq_trimmed_umied/IGF2BP1_rep1_R1_trimmed_umied.fastq.gz, ../data/fastq_trimmed_umied/IGF2BP1_rep1_R2_trimmed_umied.fastq.gz, ../data/rRNA_tRNA_ref
    output: ../data/fastq_trimmed_umied_filt/IGF2BP1_rep1_R1_trimmed_umied_filt.fastq.gz, ../data/fastq_trimmed_umied_filt/IGF2BP1_rep1_R2_trimmed_umied_filt.fastq.gz
    jobid: 0
    wildcards: name=IGF2BP1_rep1
    threads: 12
    resources: mem_mb=25000, disk_mb=1000, tmpdir=/tmp, cpus=12, time_min=300

332675 reads; of these:
  332675 (100.00%) were unpaired; of these:
    72480 (21.79%) aligned 0 times
    9573 (2.88%) aligned exactly 1 time
    250622 (75.34%) aligned >1 times
78.21% overall alignment rate
[Tue Jul  5 17:49:11 2022]
Finished job 0.
1 of 1 steps (100%) done
