Building DAG of jobs...
Using shell: /shared/software/jupyterhub/bin/bash
Provided cores: 2
Rules claiming more threads will be scaled down.
Select jobs to execute...

[Tue Jul  5 17:51:13 2022]
rule subtract_HALO_vs_INPUT:
    input: ../analyses/scaled_bedgraph/HALO.scaled.bedgraph, ../analyses/scaled_bedgraph/INPUT.scaled.bedgraph
    output: ../analyses/scaled_bedgraph/INPUT_minusHALO.scaled.bedgraph, ../analyses/scaled_bedgraph/HALO_minusINPUT.scaled.bedgraph
    jobid: 0
    threads: 2
    resources: mem_mb=5000, disk_mb=1000, tmpdir=/tmp, cpus=2, time_min=30

INFO  @ Tue, 05 Jul 2022 17:51:13: Read and build treatment bedGraph... 
INFO  @ Tue, 05 Jul 2022 17:51:13: Read and build control bedGraph... 
INFO  @ Tue, 05 Jul 2022 17:51:13: Build scoreTrackII... 
INFO  @ Tue, 05 Jul 2022 17:51:13: Calculate scores comparing treatment and control by 'subtract'... 
INFO  @ Tue, 05 Jul 2022 17:51:13: Write bedGraph of scores... 
INFO  @ Tue, 05 Jul 2022 17:51:13: Finished 'subtract'! Please check '../analyses/scaled_bedgraph/input.bdg.tmp_minus_halo.bdg.tmp.bdg.tmp'! 
INFO  @ Tue, 05 Jul 2022 17:51:14: Read and build treatment bedGraph... 
INFO  @ Tue, 05 Jul 2022 17:51:14: Read and build control bedGraph... 
INFO  @ Tue, 05 Jul 2022 17:51:14: Build scoreTrackII... 
INFO  @ Tue, 05 Jul 2022 17:51:14: Calculate scores comparing treatment and control by 'subtract'... 
INFO  @ Tue, 05 Jul 2022 17:51:14: Write bedGraph of scores... 
INFO  @ Tue, 05 Jul 2022 17:51:14: Finished 'subtract'! Please check '../analyses/scaled_bedgraph/halo.bdg.tmp_minus_input.bdg.tmp.bdg.tmp'! 
[Tue Jul  5 17:51:14 2022]
Finished job 0.
1 of 1 steps (100%) done
