This is cutadapt 2.8 with Python 3.7.9
Command line parameters: --cores 10 -m 20 --trim-n --nextseq-trim=20 -a TGGAATTCTCGGGTGCCAAGG -A GATCGTCGGACTGTAGAACTCTGAAC -o ../data/fastq_trimmed/INPUT_R1_trimmed.fastq.gz -p ../data/fastq_trimmed/INPUT_R2_trimmed.fastq.gz ../data/fastq_raw/INPUT_R1.fastq.gz ../data/fastq_raw/INPUT_R2.fastq.gz
Processing reads on 10 cores in paired-end mode ...
Finished in 4.11 s (12 us/read; 5.09 M reads/minute).

=== Summary ===

Total read pairs processed:            348,134
  Read 1 with adapter:                 346,740 (99.6%)
  Read 2 with adapter:                 343,910 (98.8%)
Pairs that were too short:               2,795 (0.8%)
Pairs written (passing filters):       345,339 (99.2%)

Total basepairs processed:   105,136,468 bp
  Read 1:    52,568,234 bp
  Read 2:    52,568,234 bp
Quality-trimmed:              25,630,953 bp (24.4%)
  Read 1:    12,594,535 bp
  Read 2:    13,036,418 bp
Total written (filtered):     32,932,039 bp (31.3%)
  Read 1:    16,383,896 bp
  Read 2:    16,548,143 bp

=== First read: Adapter 1 ===

Sequence: TGGAATTCTCGGGTGCCAAGG; Type: regular 3'; Length: 21; Trimmed: 346740 times; Reverse-complemented: 0 times

No. of allowed errors:
0-9 bp: 0; 10-19 bp: 1; 20-21 bp: 2

Bases preceding removed adapters:
  A: 8.7%
  C: 58.6%
  G: 18.8%
  T: 13.9%
  none/other: 0.0%

Overview of removed sequences
length	count	expect	max.err	error counts
4	2	1359.9	0	2
5	3	340.0	0	3
6	2	85.0	0	2
7	2	21.2	0	2
9	1	1.3	0	1
10	4	0.3	1	4
14	6	0.0	1	5 1
15	1	0.0	1	0 1
16	4	0.0	1	3 1
17	14	0.0	1	14
18	15	0.0	1	14 1
19	47	0.0	1	47
21	1	0.0	2	0 0 1
22	31	0.0	2	28 1 2
23	11	0.0	2	10 1
24	49	0.0	2	43 6
25	46	0.0	2	45 1
26	44	0.0	2	41 3
27	71	0.0	2	66 4 1
28	107	0.0	2	98 9
29	7	0.0	2	6 1
30	84	0.0	2	81 3
31	132	0.0	2	127 5
32	81	0.0	2	79 2
33	133	0.0	2	127 6
34	126	0.0	2	121 5
35	147	0.0	2	143 4
36	196	0.0	2	189 7
37	141	0.0	2	132 9
38	343	0.0	2	327 14 2
39	20	0.0	2	13 5 2
40	227	0.0	2	210 16 1
41	288	0.0	2	270 17 1
42	641	0.0	2	595 38 8
43	182	0.0	2	162 19 1
44	929	0.0	2	881 42 6
45	24	0.0	2	10 14
46	552	0.0	2	532 18 2
47	317	0.0	2	294 17 6
48	912	0.0	2	869 41 2
49	76	0.0	2	60 16
50	489	0.0	2	452 35 2
51	1644	0.0	2	1569 64 11
52	90	0.0	2	72 14 4
53	792	0.0	2	747 39 6
54	1089	0.0	2	1031 56 2
55	683	0.0	2	635 46 2
56	1719	0.0	2	1657 58 4
57	849	0.0	2	798 51
58	760	0.0	2	729 31
59	72	0.0	2	56 14 2
60	1158	0.0	2	1113 39 6
61	607	0.0	2	577 26 4
62	1739	0.0	2	1680 52 7
63	109	0.0	2	86 20 3
64	1141	0.0	2	1078 57 6
65	2041	0.0	2	1902 105 34
66	4929	0.0	2	4280 577 72
67	42279	0.0	2	40652 1492 135
68	61324	0.0	2	58367 2766 191
69	142754	0.0	2	138619 3828 307
70	65100	0.0	2	62813 2082 205
71	7160	0.0	2	6555 526 79
72	886	0.0	2	745 113 28
73	332	0.0	2	274 39 19
74	157	0.0	2	124 24 9
75	132	0.0	2	111 17 4
76	71	0.0	2	60 11
77	57	0.0	2	47 5 5
78	28	0.0	2	19 4 5
79	40	0.0	2	29 8 3
80	24	0.0	2	19 3 2
81	18	0.0	2	15 3
82	27	0.0	2	19 7 1
83	16	0.0	2	13 3
84	10	0.0	2	10
85	14	0.0	2	9 3 2
86	24	0.0	2	18 5 1
87	5	0.0	2	2 2 1
88	7	0.0	2	4 2 1
89	9	0.0	2	6 3
90	8	0.0	2	3 2 3
91	14	0.0	2	12 2
92	8	0.0	2	6 2
93	9	0.0	2	9
94	6	0.0	2	5 0 1
95	12	0.0	2	4 7 1
96	8	0.0	2	6 1 1
97	10	0.0	2	9 1
98	5	0.0	2	3 2
99	11	0.0	2	9 1 1
100	6	0.0	2	3 2 1
101	13	0.0	2	13
102	12	0.0	2	10 2
103	12	0.0	2	8 3 1
104	9	0.0	2	8 1
105	11	0.0	2	6 3 2
106	9	0.0	2	9
107	9	0.0	2	8 1
108	8	0.0	2	5 2 1
109	13	0.0	2	9 3 1
110	12	0.0	2	10 2
111	9	0.0	2	9
112	13	0.0	2	13
113	15	0.0	2	14 1
114	7	0.0	2	7
115	7	0.0	2	4 2 1
116	9	0.0	2	7 2
117	9	0.0	2	6 2 1
118	4	0.0	2	4
119	9	0.0	2	7 2
120	7	0.0	2	6 1
121	4	0.0	2	4
122	7	0.0	2	6 1
123	3	0.0	2	3
124	8	0.0	2	7 1
125	5	0.0	2	4 1
126	3	0.0	2	3
127	4	0.0	2	4
128	2	0.0	2	2
129	2	0.0	2	2
132	1	0.0	2	1
133	1	0.0	2	0 1
135	1	0.0	2	1
143	1	0.0	2	1


=== Second read: Adapter 2 ===

Sequence: GATCGTCGGACTGTAGAACTCTGAAC; Type: regular 3'; Length: 26; Trimmed: 343910 times; Reverse-complemented: 0 times

No. of allowed errors:
0-9 bp: 0; 10-19 bp: 1; 20-26 bp: 2

Bases preceding removed adapters:
  A: 15.5%
  C: 28.1%
  G: 39.1%
  T: 17.2%
  none/other: 0.0%

Overview of removed sequences
length	count	expect	max.err	error counts
3	68	5439.6	0	68
4	6	1359.9	0	6
6	5	85.0	0	5
7	1	21.2	0	1
10	2	0.3	1	2
11	6	0.1	1	5 1
12	7	0.0	1	6 1
14	5	0.0	1	3 2
15	7	0.0	1	5 2
17	9	0.0	1	6 3
18	24	0.0	1	16 8
19	25	0.0	1	20 5
20	18	0.0	2	11 6 1
21	46	0.0	2	20 21 5
22	99	0.0	2	66 23 10
23	5	0.0	2	0 1 4
24	136	0.0	2	73 43 20
25	323	0.0	2	158 126 39
26	1535	0.0	2	1220 241 74
27	936	0.0	2	0 883 53
28	13609	0.0	2	12452 1042 115
29	217	0.0	2	13 193 11
30	2271	0.0	2	1969 276 26
31	2371	0.0	2	2088 240 43
32	322	0.0	2	179 117 26
33	1643	0.0	2	1244 364 35
34	6205	0.0	2	5638 506 61
35	2343	0.0	2	1886 408 49
36	6265	0.0	2	5704 514 47
37	6890	0.0	2	6295 522 73
38	227	0.0	2	160 57 10
39	186	0.0	2	54 125 7
40	3172	0.0	2	2947 195 30
41	105	0.0	2	58 35 12
42	94	0.0	2	22 65 7
43	1457	0.0	2	1282 147 28
44	807	0.0	2	727 63 17
45	75	0.0	2	28 41 6
46	1086	0.0	2	910 160 16
47	3094	0.0	2	2854 211 29
48	114	0.0	2	69 37 8
49	394	0.0	2	317 67 10
50	1294	0.0	2	1169 108 17
51	1428	0.0	2	1286 124 18
52	1486	0.0	2	1310 155 21
53	2016	0.0	2	1822 166 28
54	1076	0.0	2	885 177 14
55	2631	0.0	2	2333 249 49
56	2212	0.0	2	1919 258 35
57	2544	0.0	2	2163 343 38
58	5355	0.0	2	4550 689 116
59	12605	0.0	2	10596 1812 197
60	39409	0.0	2	34912 4195 302
61	64069	0.0	2	59044 4673 352
62	34548	0.0	2	31722 2608 218
63	9740	0.0	2	8613 1015 112
64	4309	0.0	2	3797 450 62
65	2932	0.0	2	2585 308 39
66	2644	0.0	2	2342 253 49
67	2626	0.0	2	2259 337 30
68	4451	0.0	2	4051 369 31
69	3960	0.0	2	3507 416 37
70	5555	0.0	2	5146 386 23
71	3309	0.0	2	3015 275 19
72	2296	0.0	2	2100 179 17
73	1805	0.0	2	1646 143 16
74	1124	0.0	2	1016 93 15
75	814	0.0	2	724 82 8
76	781	0.0	2	685 83 13
77	669	0.0	2	599 61 9
78	590	0.0	2	516 57 17
79	918	0.0	2	834 72 12
80	748	0.0	2	676 61 11
81	696	0.0	2	622 64 10
82	764	0.0	2	687 68 9
83	643	0.0	2	574 58 11
84	445	0.0	2	373 60 12
85	685	0.0	2	615 62 8
86	1020	0.0	2	913 96 11
87	1220	0.0	2	1105 105 10
88	1361	0.0	2	1233 115 13
89	1457	0.0	2	1345 106 6
90	955	0.0	2	838 107 10
91	908	0.0	2	815 82 11
92	939	0.0	2	841 83 15
93	884	0.0	2	770 104 10
94	1227	0.0	2	1116 102 9
95	949	0.0	2	868 73 8
96	655	0.0	2	598 51 6
97	563	0.0	2	493 60 10
98	790	0.0	2	724 58 8
99	858	0.0	2	743 109 6
100	1449	0.0	2	1341 97 11
101	882	0.0	2	775 91 16
102	923	0.0	2	836 75 12
103	1068	0.0	2	955 105 8
104	1230	0.0	2	1096 121 13
105	1790	0.0	2	1653 126 11
106	1665	0.0	2	1526 133 6
107	1335	0.0	2	1228 90 17
108	771	0.0	2	676 81 14
109	1070	0.0	2	960 103 7
110	1559	0.0	2	1440 107 12
111	1423	0.0	2	1237 172 14
112	2364	0.0	2	2189 158 17
113	1973	0.0	2	1759 202 12
114	3089	0.0	2	2871 198 20
115	2344	0.0	2	2103 222 19
116	2837	0.0	2	2637 181 19
117	1860	0.0	2	1722 126 12
118	1199	0.0	2	1067 123 9
119	1504	0.0	2	1343 143 18
120	2047	0.0	2	1841 189 17
121	2662	0.0	2	2438 208 16
122	2655	0.0	2	2409 242 4
123	3060	0.0	2	2827 224 9
124	1940	0.0	2	1766 166 8
125	1189	0.0	2	1077 107 5
126	1085	0.0	2	979 92 14
127	866	0.0	2	755 106 5
128	978	0.0	2	900 72 6
129	649	0.0	2	582 63 4
130	569	0.0	2	510 56 3
131	279	0.0	2	239 40
132	168	0.0	2	156 11 1
133	99	0.0	2	90 7 2
134	50	0.0	2	37 13
135	30	0.0	2	28 2
136	31	0.0	2	30 1
137	18	0.0	2	17 1
138	4	0.0	2	4
139	6	0.0	2	6
140	5	0.0	2	4 1
141	1	0.0	2	1
142	6	0.0	2	5 1
143	4	0.0	2	3 0 1
144	1	0.0	2	1
