This is cutadapt 2.8 with Python 3.7.9
Command line parameters: --cores 10 -m 20 --trim-n --nextseq-trim=20 -a TGGAATTCTCGGGTGCCAAGG -A GATCGTCGGACTGTAGAACTCTGAAC -o ../data/fastq_trimmed/HALO_R1_trimmed.fastq.gz -p ../data/fastq_trimmed/HALO_R2_trimmed.fastq.gz ../data/fastq_raw/HALO_R1.fastq.gz ../data/fastq_raw/HALO_R2.fastq.gz
Processing reads on 10 cores in paired-end mode ...
Finished in 6.70 s (12 us/read; 5.11 M reads/minute).

=== Summary ===

Total read pairs processed:            570,823
  Read 1 with adapter:                 566,367 (99.2%)
  Read 2 with adapter:                 551,515 (96.6%)
Pairs that were too short:              15,997 (2.8%)
Pairs written (passing filters):       554,826 (97.2%)

Total basepairs processed:   172,388,546 bp
  Read 1:    86,194,273 bp
  Read 2:    86,194,273 bp
Quality-trimmed:              30,043,391 bp (17.4%)
  Read 1:    14,797,099 bp
  Read 2:    15,246,292 bp
Total written (filtered):     68,075,939 bp (39.5%)
  Read 1:    33,901,734 bp
  Read 2:    34,174,205 bp

=== First read: Adapter 1 ===

Sequence: TGGAATTCTCGGGTGCCAAGG; Type: regular 3'; Length: 21; Trimmed: 566367 times; Reverse-complemented: 0 times

No. of allowed errors:
0-9 bp: 0; 10-19 bp: 1; 20-21 bp: 2

Bases preceding removed adapters:
  A: 9.3%
  C: 62.5%
  G: 14.7%
  T: 13.5%
  none/other: 0.0%

Overview of removed sequences
length	count	expect	max.err	error counts
4	128	2229.8	0	128
5	57	557.4	0	57
6	115	139.4	0	115
7	141	34.8	0	141
8	132	8.7	0	132
9	170	2.2	0	167 3
10	740	0.5	1	682 58
11	5	0.1	1	0 5
13	17	0.0	1	0 17
14	457	0.0	1	417 40
15	15	0.0	1	0 15
16	320	0.0	1	280 40
17	997	0.0	1	890 107
18	313	0.0	1	281 32
19	588	0.0	1	541 47
20	27	0.0	2	0 25 2
21	91	0.0	2	0 71 20
22	415	0.0	2	331 74 10
23	88	0.0	2	68 16 4
24	394	0.0	2	339 53 2
25	465	0.0	2	404 55 6
26	585	0.0	2	529 53 3
27	1148	0.0	2	1025 109 14
28	583	0.0	2	541 37 5
29	94	0.0	2	78 14 2
30	683	0.0	2	621 58 4
31	1189	0.0	2	1101 85 3
32	361	0.0	2	339 21 1
33	804	0.0	2	751 47 6
34	913	0.0	2	819 88 6
35	2554	0.0	2	2386 159 9
36	73	0.0	2	60 10 3
37	290	0.0	2	258 29 3
38	2331	0.0	2	2204 120 7
39	750	0.0	2	707 41 2
40	404	0.0	2	362 38 4
41	1214	0.0	2	1127 80 7
42	1977	0.0	2	1825 145 7
43	1390	0.0	2	1276 109 5
44	3094	0.0	2	2945 140 9
45	121	0.0	2	77 44
46	2773	0.0	2	2622 147 4
47	858	0.0	2	784 67 7
48	3420	0.0	2	3238 175 7
49	568	0.0	2	506 58 4
50	2254	0.0	2	2093 153 8
51	4274	0.0	2	4033 230 11
52	804	0.0	2	703 97 4
53	2837	0.0	2	2659 169 9
54	2870	0.0	2	2695 159 16
55	2828	0.0	2	2625 189 14
56	3828	0.0	2	3599 216 13
57	3436	0.0	2	3193 230 13
58	5023	0.0	2	4767 243 13
59	691	0.0	2	616 70 5
60	3901	0.0	2	3640 236 25
61	3665	0.0	2	3370 277 18
62	10545	0.0	2	9948 550 47
63	1129	0.0	2	994 123 12
64	5843	0.0	2	5424 388 31
65	6206	0.0	2	5698 455 53
66	10730	0.0	2	9427 1202 101
67	72537	0.0	2	68225 4060 252
68	83446	0.0	2	77039 6030 377
69	208124	0.0	2	196488 10915 721
70	82637	0.0	2	77448 4741 448
71	11939	0.0	2	10937 887 115
72	1662	0.0	2	1438 173 51
73	362	0.0	2	298 49 15
74	186	0.0	2	148 31 7
75	100	0.0	2	77 16 7
76	66	0.0	2	51 14 1
77	52	0.0	2	46 5 1
78	39	0.0	2	31 6 2
79	42	0.0	2	29 11 2
80	26	0.0	2	22 2 2
81	28	0.0	2	24 3 1
82	23	0.0	2	14 4 5
83	20	0.0	2	18 1 1
84	24	0.0	2	21 3
85	15	0.0	2	13 2
86	15	0.0	2	11 4
87	11	0.0	2	7 3 1
88	15	0.0	2	9 5 1
89	6	0.0	2	4 2
90	15	0.0	2	5 6 4
91	10	0.0	2	6 2 2
92	15	0.0	2	11 4
93	11	0.0	2	8 3
94	12	0.0	2	9 1 2
95	14	0.0	2	10 2 2
96	7	0.0	2	6 1
97	11	0.0	2	9 2
98	12	0.0	2	9 2 1
99	13	0.0	2	13
100	9	0.0	2	6 3
101	11	0.0	2	8 3
102	4	0.0	2	3 1
103	9	0.0	2	6 1 2
104	4	0.0	2	3 1
105	9	0.0	2	5 2 2
106	4	0.0	2	3 0 1
107	5	0.0	2	4 1
108	8	0.0	2	5 3
109	11	0.0	2	9 2
110	7	0.0	2	6 1
111	5	0.0	2	3 1 1
112	2	0.0	2	2
113	5	0.0	2	3 2
114	6	0.0	2	4 2
115	6	0.0	2	5 1
116	7	0.0	2	6 1
117	5	0.0	2	5
118	2	0.0	2	1 1
119	3	0.0	2	3
120	3	0.0	2	3
121	1	0.0	2	1
122	1	0.0	2	1
123	1	0.0	2	1
124	2	0.0	2	2
125	1	0.0	2	1
126	4	0.0	2	2 2
127	5	0.0	2	4 0 1
128	2	0.0	2	2
129	4	0.0	2	4
131	2	0.0	2	2
132	1	0.0	2	1
133	1	0.0	2	0 1
134	3	0.0	2	2 0 1
137	1	0.0	2	1
138	1	0.0	2	1
142	1	0.0	2	1


=== Second read: Adapter 2 ===

Sequence: GATCGTCGGACTGTAGAACTCTGAAC; Type: regular 3'; Length: 26; Trimmed: 551515 times; Reverse-complemented: 0 times

No. of allowed errors:
0-9 bp: 0; 10-19 bp: 1; 20-26 bp: 2

Bases preceding removed adapters:
  A: 13.0%
  C: 25.6%
  G: 48.0%
  T: 13.4%
  none/other: 0.0%

Overview of removed sequences
length	count	expect	max.err	error counts
3	1336	8919.1	0	1336
4	575	2229.8	0	575
6	516	139.4	0	516
7	586	34.8	0	586
9	3	2.2	0	0 3
10	416	0.5	1	394 22
11	1152	0.1	1	1075 77
12	953	0.0	1	876 77
13	19	0.0	1	0 19
14	906	0.0	1	852 54
15	941	0.0	1	881 60
16	38	0.0	1	0 38
17	126	0.0	1	108 18
18	664	0.0	1	597 66 1
19	744	0.0	1	674 66 4
20	326	0.0	2	278 38 10
21	319	0.0	2	243 60 16
22	501	0.0	2	391 83 27
23	72	0.0	2	0 44 28
24	398	0.0	2	232 113 53
25	1207	0.0	2	795 321 91
26	3317	0.0	2	2608 543 166
27	1174	0.0	2	41 1032 101
28	17702	0.0	2	15763 1697 242
29	278	0.0	2	22 225 31
30	2482	0.0	2	1987 415 80
31	4078	0.0	2	3274 634 170
32	573	0.0	2	283 228 62
33	3937	0.0	2	2935 842 160
34	6692	0.0	2	5901 689 102
35	2945	0.0	2	2232 603 110
36	4621	0.0	2	3845 664 112
37	5317	0.0	2	4494 695 128
38	438	0.0	2	270 109 59
39	221	0.0	2	91 98 32
40	2611	0.0	2	2286 276 49
41	285	0.0	2	201 68 16
42	350	0.0	2	185 134 31
43	2691	0.0	2	2319 312 60
44	1612	0.0	2	1328 225 59
45	228	0.0	2	115 87 26
46	1477	0.0	2	1214 216 47
47	3326	0.0	2	2879 366 81
48	540	0.0	2	433 86 21
49	700	0.0	2	506 155 39
50	3322	0.0	2	2849 407 66
51	1645	0.0	2	1341 258 46
52	1842	0.0	2	1451 331 60
53	3546	0.0	2	3014 442 90
54	1940	0.0	2	1602 288 50
55	2369	0.0	2	1877 422 70
56	3107	0.0	2	2604 418 85
57	3816	0.0	2	3106 606 104
58	6394	0.0	2	5271 951 172
59	15194	0.0	2	12158 2659 377
60	52874	0.0	2	45024 7165 685
61	108467	0.0	2	97459 10101 907
62	62368	0.0	2	55890 5846 632
63	18692	0.0	2	16154 2245 293
64	8431	0.0	2	7187 1051 193
65	4926	0.0	2	4235 583 108
66	4217	0.0	2	3623 506 88
67	4298	0.0	2	3672 549 77
68	6903	0.0	2	6182 648 73
69	6528	0.0	2	5738 724 66
70	9139	0.0	2	8288 768 83
71	5842	0.0	2	5193 576 73
72	4429	0.0	2	3905 460 64
73	4313	0.0	2	3880 380 53
74	3023	0.0	2	2705 278 40
75	2100	0.0	2	1831 237 32
76	2158	0.0	2	1894 225 39
77	2096	0.0	2	1839 213 44
78	1990	0.0	2	1691 255 44
79	3159	0.0	2	2819 298 42
80	2701	0.0	2	2339 318 44
81	2909	0.0	2	2604 259 46
82	2690	0.0	2	2414 238 38
83	2015	0.0	2	1797 187 31
84	1310	0.0	2	1131 156 23
85	1813	0.0	2	1554 214 45
86	2470	0.0	2	2167 269 34
87	2796	0.0	2	2500 261 35
88	2890	0.0	2	2592 267 31
89	2847	0.0	2	2564 249 34
90	1973	0.0	2	1738 196 39
91	2304	0.0	2	2063 209 32
92	2078	0.0	2	1816 226 36
93	2690	0.0	2	2399 257 34
94	2773	0.0	2	2461 289 23
95	3358	0.0	2	3022 306 30
96	3299	0.0	2	2952 312 35
97	2848	0.0	2	2472 339 37
98	4343	0.0	2	3934 374 35
99	3004	0.0	2	2679 289 36
100	2507	0.0	2	2251 227 29
101	1852	0.0	2	1631 175 46
102	2013	0.0	2	1759 227 27
103	2152	0.0	2	1899 233 20
104	2401	0.0	2	2139 232 30
105	2610	0.0	2	2365 227 18
106	2180	0.0	2	1965 194 21
107	1986	0.0	2	1792 169 25
108	1206	0.0	2	1038 143 25
109	1706	0.0	2	1528 152 26
110	2038	0.0	2	1815 215 8
111	2169	0.0	2	1920 217 32
112	2917	0.0	2	2656 247 14
113	2131	0.0	2	1870 243 18
114	2546	0.0	2	2314 210 22
115	2199	0.0	2	1964 220 15
116	2650	0.0	2	2429 211 10
117	1989	0.0	2	1813 159 17
118	1053	0.0	2	956 91 6
119	1265	0.0	2	1125 128 12
120	1302	0.0	2	1142 152 8
121	1482	0.0	2	1323 152 7
122	1548	0.0	2	1374 159 15
123	1778	0.0	2	1601 171 6
124	1265	0.0	2	1157 102 6
125	857	0.0	2	755 92 10
126	844	0.0	2	744 88 12
127	806	0.0	2	722 78 6
128	1183	0.0	2	1065 109 9
129	988	0.0	2	889 94 5
130	1230	0.0	2	1125 100 5
131	1010	0.0	2	925 81 4
132	771	0.0	2	717 52 2
133	621	0.0	2	583 33 5
134	486	0.0	2	442 42 2
135	547	0.0	2	483 58 6
136	660	0.0	2	604 53 3
137	429	0.0	2	395 33 1
138	256	0.0	2	230 22 4
139	79	0.0	2	74 5
140	40	0.0	2	33 7
141	32	0.0	2	30 1 1
142	24	0.0	2	21 2 1
143	70	0.0	2	65 5
144	5	0.0	2	4 1
