# UMI-tools version: 1.0.1
# output generated by dedup -I ../analyses/aligned_uniq_dedup/INPUT_trimmed_umied_filt_uniqmap.sorted.bam.tmp --paired -S ../analyses/aligned_uniq_dedup/INPUT_trimmed_umied_filt_uniqmap_rmdup.bam
# job started at Tue Jul  5 17:49:35 2022 on cpu-node-82.ifb.local -- 10648ee1-a4a6-4d1f-8052-16f63f889750
# pid: 29093, system: Linux 3.10.0-1160.6.1.el7.x86_64 #1 SMP Tue Nov 17 13:59:11 UTC 2020 x86_64
# assigned_tag                            : None
# cell_tag                                : None
# cell_tag_delim                          : None
# cell_tag_split                          : -
# chimeric_pairs                          : use
# chrom                                   : None
# compresslevel                           : 6
# detection_method                        : None
# gene_tag                                : None
# gene_transcript_map                     : None
# get_umi_method                          : read_id
# ignore_umi                              : False
# in_sam                                  : False
# log2stderr                              : False
# loglevel                                : 1
# mapping_quality                         : 0
# method                                  : directional
# no_sort_output                          : False
# out_sam                                 : False
# output_unmapped                         : False
# paired                                  : True
# per_cell                                : False
# per_contig                              : False
# per_gene                                : False
# random_seed                             : None
# read_length                             : False
# short_help                              : None
# skip_regex                              : ^(__|Unassigned)
# soft_clip_threshold                     : 4
# spliced                                 : False
# stats                                   : False
# stderr                                  : <_io.TextIOWrapper name='<stderr>' mode='w' encoding='UTF-8'>
# stdin                                   : <_io.TextIOWrapper name='../analyses/aligned_uniq_dedup/INPUT_trimmed_umied_filt_uniqmap.sorted.bam.tmp' mode='r' encoding='UTF-8'>
# stdlog                                  : <_io.TextIOWrapper name='<stdout>' mode='w' encoding='UTF-8'>
# stdout                                  : <_io.TextIOWrapper name='../analyses/aligned_uniq_dedup/INPUT_trimmed_umied_filt_uniqmap_rmdup.bam' mode='w' encoding='UTF-8'>
# subset                                  : None
# threshold                               : 1
# timeit_file                             : None
# timeit_header                           : None
# timeit_name                             : all
# tmpdir                                  : None
# umi_sep                                 : _
# umi_tag                                 : RX
# umi_tag_delim                           : None
# umi_tag_split                           : None
# unmapped_reads                          : discard
# unpaired_reads                          : use
# whole_contig                            : False
2022-07-05 17:49:35,966 WARNING Chimeric read pairs are being used. Some read pair UMIs may be grouped/deduplicated using just the mapping coordinates from read1.This may also increase the run time and memory usage. Consider --chimeric-pairs==discard to discard these reads or --chimeric-pairs==output (group command only) to output them without grouping
2022-07-05 17:49:35,966 WARNING Unpaired read pairs are being used. Some read pair UMIs may be grouped/deduplicated using just the mapping coordinates from read1.This may also increase the run time and memory usage. Consider --unpared-reads==discard to discard these reads or --unpared-reads==output (group command only) to output them without grouping
2022-07-05 17:49:35,966 INFO command: dedup -I ../analyses/aligned_uniq_dedup/INPUT_trimmed_umied_filt_uniqmap.sorted.bam.tmp --paired -S ../analyses/aligned_uniq_dedup/INPUT_trimmed_umied_filt_uniqmap_rmdup.bam
2022-07-05 17:49:36,214 INFO Searching for mates for 15 unmatched alignments
2022-07-05 17:49:36,226 INFO 13 mates never found
2022-07-05 17:49:36,269 INFO Reads: Input Reads: 2365, Read pairs: 2365, Read 2 unmapped: 94, Chimeric read pair: 13
2022-07-05 17:49:36,269 INFO Number of reads out: 2350
2022-07-05 17:49:36,269 INFO Total number of positions deduplicated: 2041
2022-07-05 17:49:36,270 INFO Mean number of unique UMIs per position: 1.16
2022-07-05 17:49:36,270 INFO Max. number of unique UMIs per position: 21
# job finished in 0 seconds at Tue Jul  5 17:49:36 2022 --  1.10  0.83  0.00  0.00 -- 10648ee1-a4a6-4d1f-8052-16f63f889750
