Building DAG of jobs...
Using shell: /shared/software/jupyterhub/bin/bash
Provided cores: 12
Rules claiming more threads will be scaled down.
Select jobs to execute...

[Tue Jul  5 17:49:31 2022]
rule unique_mapping_deduplicated:
    input: ../data/fastq_trimmed_umied_filt/INPUT_R1_trimmed_umied_filt.fastq.gz, ../data/fastq_trimmed_umied_filt/INPUT_R2_trimmed_umied_filt.fastq.gz, ../data/genome_ref
    output: ../analyses/aligned_uniq_dedup/INPUT_trimmed_umied_filt_uniqmap_rmdup.bam, ../analyses/aligned_uniq_dedup/INPUT_trimmed_umied_filt_uniqmap_rmdup.bam.bai, ../analyses/aligned_uniq_dedup/INPUT_uniqmap_read_counts.txt, ../analyses/aligned_uniq_dedup/INPUT_uniqmap_rmdup_read_counts.txt
    jobid: 0
    wildcards: name=INPUT
    threads: 12
    resources: mem_mb=25000, disk_mb=1000, tmpdir=/tmp, cpus=12, time_min=300

58497 reads; of these:
  58497 (100.00%) were paired; of these:
    52044 (88.97%) aligned concordantly 0 times
    2247 (3.84%) aligned concordantly exactly 1 time
    4206 (7.19%) aligned concordantly >1 times
    ----
    52044 pairs aligned concordantly 0 times; of these:
      9 (0.02%) aligned discordantly 1 time
    ----
    52035 pairs aligned 0 times concordantly or discordantly; of these:
      104070 mates make up the pairs; of these:
        103145 (99.11%) aligned 0 times
        347 (0.33%) aligned exactly 1 time
        578 (0.56%) aligned >1 times
11.84% overall alignment rate
[bam_sort_core] merging from 0 files and 12 in-memory blocks...
[Tue Jul  5 17:49:36 2022]
Finished job 0.
1 of 1 steps (100%) done
