Building DAG of jobs...
Using shell: /shared/software/jupyterhub/bin/bash
Provided cores: 12
Rules claiming more threads will be scaled down.
Select jobs to execute...

[Tue Jul  5 17:49:20 2022]
rule unique_mapping_deduplicated:
    input: ../data/fastq_trimmed_umied_filt/IGF2BP1_rep1_R1_trimmed_umied_filt.fastq.gz, ../data/fastq_trimmed_umied_filt/IGF2BP1_rep1_R2_trimmed_umied_filt.fastq.gz, ../data/genome_ref
    output: ../analyses/aligned_uniq_dedup/IGF2BP1_rep1_trimmed_umied_filt_uniqmap_rmdup.bam, ../analyses/aligned_uniq_dedup/IGF2BP1_rep1_trimmed_umied_filt_uniqmap_rmdup.bam.bai, ../analyses/aligned_uniq_dedup/IGF2BP1_rep1_uniqmap_read_counts.txt, ../analyses/aligned_uniq_dedup/IGF2BP1_rep1_uniqmap_rmdup_read_counts.txt
    jobid: 0
    wildcards: name=IGF2BP1_rep1
    threads: 12
    resources: mem_mb=25000, disk_mb=1000, tmpdir=/tmp, cpus=12, time_min=300

72480 reads; of these:
  72480 (100.00%) were paired; of these:
    66939 (92.36%) aligned concordantly 0 times
    2298 (3.17%) aligned concordantly exactly 1 time
    3243 (4.47%) aligned concordantly >1 times
    ----
    66939 pairs aligned concordantly 0 times; of these:
      75 (0.11%) aligned discordantly 1 time
    ----
    66864 pairs aligned 0 times concordantly or discordantly; of these:
      133728 mates make up the pairs; of these:
        128444 (96.05%) aligned 0 times
        2605 (1.95%) aligned exactly 1 time
        2679 (2.00%) aligned >1 times
11.39% overall alignment rate
[bam_sort_core] merging from 0 files and 12 in-memory blocks...
[Tue Jul  5 17:49:26 2022]
Finished job 0.
1 of 1 steps (100%) done
